{"logLevel":"debug","message":"multithreading is set to false"}
{"logLevel":"debug","message":"Using reflection to scan dependencies for gauge implementations..."}
SLF4J: Failed to load class "org.slf4j.impl.StaticLoggerBinder".
SLF4J: Defaulting to no-operation (NOP) logger implementation
SLF4J: See http://www.slf4j.org/codes.html#StaticLoggerBinder for further details.
{"logLevel":"debug","message":"gauge-java took 360milliseconds to load and scan. This should be less than 'runner_connection_timeout' config value."}
{"logLevel":"debug","message":"run 'gauge config runner_connection_timeout' and verify that it is < 360"}
{"logLevel":"debug","message":"starting gRPC server..."}
{"logLevel":"debug","message":"started gRPC server on port 61134"}
{"logLevel":"info","message":"Listening on port:61134"}
{"logLevel":"debug","message":"Scanning packages for steps"}
{"logLevel":"debug","message":"Scanning packages for hooks"}
{"logLevel":"debug","message":"Scanned steps (using static parsing + reflections): "}
{"logLevel":"debug","message":"\tCheck the available button and click : public void testAvailableButton()"}
{"logLevel":"debug","message":"\tTurn back : public void turnBack()"}
{"logLevel":"debug","message":"\tClose the launch screen : public void checkButton()"}
{"logLevel":"debug","message":"\tCheck title of signup screen : public void checkSignupScreenTitle()"}
{"logLevel":"debug","message":"\tCheck signup button text : public void checkSignupButtonText()"}
{"logLevel":"debug","message":"\tWait {} seconds : public void waitOneSec(long time) throws InterruptedException"}
{"logLevel":"fatal","message":"No step definition found. Try compiling the source before execution."}
