30-12-2023 01:28:07.539 [Gauge] [DEBUG] Created gauge_screenshots_dir at /Users/numanhan/Desktop/AutomationUIUmobApp/.gauge/screenshots
30-12-2023 01:28:07.540 [Gauge] [DEBUG] Plugin java is already installed.
30-12-2023 01:28:07.540 [Gauge] [DEBUG] Plugin html-report is already installed.
30-12-2023 01:28:07.541 [Gauge] [DEBUG] Parsing started.
30-12-2023 01:28:07.541 [Gauge] [DEBUG] Started concepts parsing.
30-12-2023 01:28:07.541 [Gauge] [DEBUG] 0 concepts parsing completed.
30-12-2023 01:28:07.541 [Gauge] [DEBUG] Started specifications parsing.
30-12-2023 01:28:07.541 [Gauge] [DEBUG] 1 specifications parsing completed.
30-12-2023 01:28:07.541 [Gauge] [DEBUG] Parsing completed.
30-12-2023 01:28:07.552 [java] [DEBUG] ***** Printing Properties/Env Values *****
30-12-2023 01:28:07.552 [java] [DEBUG] PATH: /opt/homebrew/opt/libpq/bin:/opt/homebrew/bin:/opt/homebrew/sbin:/usr/local/bin:/System/Cryptexes/App/usr/bin:/usr/bin:/bin:/usr/sbin:/sbin:/usr/local/share/dotnet:~/.dotnet/tools:/Library/Apple/usr/bin:/Users/numanhan/.maestro/bin:/usr/local/share/dotnet:/Users/numanhan/.gauge/plugins/screenshot/0.1.0
30-12-2023 01:28:07.552 [java] [DEBUG] JAVA_HOME: 
30-12-2023 01:28:07.552 [java] [DEBUG] gauge_project_root: 
30-12-2023 01:28:07.552 [java] [DEBUG] gauge_parallel_streams_count: 
30-12-2023 01:28:07.552 [java] [DEBUG] gauge_reports_dir: reports
30-12-2023 01:28:07.552 [java] [DEBUG] overwrite_reports: true
30-12-2023 01:28:07.552 [java] [DEBUG] logs_directory: logs
30-12-2023 01:28:07.552 [java] [DEBUG] enable_multithreading: 
30-12-2023 01:28:07.552 [java] [DEBUG] gauge_specs_dir: specs
30-12-2023 01:28:07.552 [java] [DEBUG] csv_delimiter: ,
30-12-2023 01:28:07.552 [java] [DEBUG] gauge_java_home: 
30-12-2023 01:28:07.552 [java] [DEBUG] gauge_custom_build_path: /Users/numanhan/Desktop/uMobMobileAppAutomation/target/classes
30-12-2023 01:28:07.552 [java] [DEBUG] gauge_additional_libs: libs/*
30-12-2023 01:28:07.552 [java] [DEBUG] gauge_jvm_args: 
30-12-2023 01:28:07.552 [java] [DEBUG] gauge_custom_compile_dir: /Users/numanhan/Desktop/uMobMobileAppAutomation/src/test
30-12-2023 01:28:07.552 [java] [DEBUG] gauge_clear_state_level: scenario
30-12-2023 01:28:07.552 [java] [DEBUG] ***** END *****
30-12-2023 01:28:07.690 [Gauge] [DEBUG] Checking updates...
30-12-2023 01:28:07.690 [Gauge] [DEBUG] Downloading https://downloads.gauge.org/plugin/html-report?l=java&p=html-report,java,screenshot,spectacle&o=darwin&a=arm64
30-12-2023 01:28:07.941 [Gauge] [DEBUG] Downloading https://downloads.gauge.org/plugin/java?l=java&p=html-report,java,screenshot,spectacle&o=darwin&a=arm64
30-12-2023 01:28:07.982 [Gauge] [DEBUG] Downloading https://downloads.gauge.org/plugin/screenshot?l=java&p=html-report,java,screenshot,spectacle&o=darwin&a=arm64
30-12-2023 01:28:08.028 [Gauge] [DEBUG] Downloading https://downloads.gauge.org/plugin/spectacle?l=java&p=html-report,java,screenshot,spectacle&o=darwin&a=arm64
30-12-2023 01:28:09.266 [java] [DEBUG] classpath set to /Users/numanhan/Library/Java/JavaVirtualMachines/openjdk-21/Contents/Home!/java.base:/Users/numanhan/Library/Java/JavaVirtualMachines/openjdk-21/Contents/Home!/java.compiler:/Users/numanhan/Library/Java/JavaVirtualMachines/openjdk-21/Contents/Home!/java.datatransfer:/Users/numanhan/Library/Java/JavaVirtualMachines/openjdk-21/Contents/Home!/java.desktop:/Users/numanhan/Library/Java/JavaVirtualMachines/openjdk-21/Contents/Home!/java.instrument:/Users/numanhan/Library/Java/JavaVirtualMachines/openjdk-21/Contents/Home!/java.logging:/Users/numanhan/Library/Java/JavaVirtualMachines/openjdk-21/Contents/Home!/java.management:/Users/numanhan/Library/Java/JavaVirtualMachines/openjdk-21/Contents/Home!/java.management.rmi:/Users/numanhan/Library/Java/JavaVirtualMachines/openjdk-21/Contents/Home!/java.naming:/Users/numanhan/Library/Java/JavaVirtualMachines/openjdk-21/Contents/Home!/java.net.http:/Users/numanhan/Library/Java/JavaVirtualMachines/openjdk-21/Contents/Home!/java.prefs:/Users/numanhan/Library/Java/JavaVirtualMachines/openjdk-21/Contents/Home!/java.rmi:/Users/numanhan/Library/Java/JavaVirtualMachines/openjdk-21/Contents/Home!/java.scripting:/Users/numanhan/Library/Java/JavaVirtualMachines/openjdk-21/Contents/Home!/java.se:/Users/numanhan/Library/Java/JavaVirtualMachines/openjdk-21/Contents/Home!/java.security.jgss:/Users/numanhan/Library/Java/JavaVirtualMachines/openjdk-21/Contents/Home!/java.security.sasl:/Users/numanhan/Library/Java/JavaVirtualMachines/openjdk-21/Contents/Home!/java.smartcardio:/Users/numanhan/Library/Java/JavaVirtualMachines/openjdk-21/Contents/Home!/java.sql:/Users/numanhan/Library/Java/JavaVirtualMachines/openjdk-21/Contents/Home!/java.sql.rowset:/Users/numanhan/Library/Java/JavaVirtualMachines/openjdk-21/Contents/Home!/java.transaction.xa:/Users/numanhan/Library/Java/JavaVirtualMachines/openjdk-21/Contents/Home!/java.xml:/Users/numanhan/Library/Java/JavaVirtualMachines/openjdk-21/Contents/Home!/java.xml.crypto:/Users/numanhan/Library/Java/JavaVirtualMachines/openjdk-21/Contents/Home!/jdk.accessibility:/Users/numanhan/Library/Java/JavaVirtualMachines/openjdk-21/Contents/Home!/jdk.attach:/Users/numanhan/Library/Java/JavaVirtualMachines/openjdk-21/Contents/Home!/jdk.charsets:/Users/numanhan/Library/Java/JavaVirtualMachines/openjdk-21/Contents/Home!/jdk.compiler:/Users/numanhan/Library/Java/JavaVirtualMachines/openjdk-21/Contents/Home!/jdk.crypto.cryptoki:/Users/numanhan/Library/Java/JavaVirtualMachines/openjdk-21/Contents/Home!/jdk.crypto.ec:/Users/numanhan/Library/Java/JavaVirtualMachines/openjdk-21/Contents/Home!/jdk.dynalink:/Users/numanhan/Library/Java/JavaVirtualMachines/openjdk-21/Contents/Home!/jdk.editpad:/Users/numanhan/Library/Java/JavaVirtualMachines/openjdk-21/Contents/Home!/jdk.hotspot.agent:/Users/numanhan/Library/Java/JavaVirtualMachines/openjdk-21/Contents/Home!/jdk.httpserver:/Users/numanhan/Library/Java/JavaVirtualMachines/openjdk-21/Contents/Home!/jdk.incubator.vector:/Users/numanhan/Library/Java/JavaVirtualMachines/openjdk-21/Contents/Home!/jdk.internal.ed:/Users/numanhan/Library/Java/JavaVirtualMachines/openjdk-21/Contents/Home!/jdk.internal.jvmstat:/Users/numanhan/Library/Java/JavaVirtualMachines/openjdk-21/Contents/Home!/jdk.internal.le:/Users/numanhan/Library/Java/JavaVirtualMachines/openjdk-21/Contents/Home!/jdk.internal.opt:/Users/numanhan/Library/Java/JavaVirtualMachines/openjdk-21/Contents/Home!/jdk.internal.vm.ci:/Users/numanhan/Library/Java/JavaVirtualMachines/openjdk-21/Contents/Home!/jdk.internal.vm.compiler:/Users/numanhan/Library/Java/JavaVirtualMachines/openjdk-21/Contents/Home!/jdk.internal.vm.compiler.management:/Users/numanhan/Library/Java/JavaVirtualMachines/openjdk-21/Contents/Home!/jdk.jartool:/Users/numanhan/Library/Java/JavaVirtualMachines/openjdk-21/Contents/Home!/jdk.javadoc:/Users/numanhan/Library/Java/JavaVirtualMachines/openjdk-21/Contents/Home!/jdk.jcmd:/Users/numanhan/Library/Java/JavaVirtualMachines/openjdk-21/Contents/Home!/jdk.jconsole:/Users/numanhan/Library/Java/JavaVirtualMachines/openjdk-21/Contents/Home!/jdk.jdeps:/Users/numanhan/Library/Java/JavaVirtualMachines/openjdk-21/Contents/Home!/jdk.jdi:/Users/numanhan/Library/Java/JavaVirtualMachines/openjdk-21/Contents/Home!/jdk.jdwp.agent:/Users/numanhan/Library/Java/JavaVirtualMachines/openjdk-21/Contents/Home!/jdk.jfr:/Users/numanhan/Library/Java/JavaVirtualMachines/openjdk-21/Contents/Home!/jdk.jlink:/Users/numanhan/Library/Java/JavaVirtualMachines/openjdk-21/Contents/Home!/jdk.jpackage:/Users/numanhan/Library/Java/JavaVirtualMachines/openjdk-21/Contents/Home!/jdk.jshell:/Users/numanhan/Library/Java/JavaVirtualMachines/openjdk-21/Contents/Home!/jdk.jsobject:/Users/numanhan/Library/Java/JavaVirtualMachines/openjdk-21/Contents/Home!/jdk.jstatd:/Users/numanhan/Library/Java/JavaVirtualMachines/openjdk-21/Contents/Home!/jdk.localedata:/Users/numanhan/Library/Java/JavaVirtualMachines/openjdk-21/Contents/Home!/jdk.management:/Users/numanhan/Library/Java/JavaVirtualMachines/openjdk-21/Contents/Home!/jdk.management.agent:/Users/numanhan/Library/Java/JavaVirtualMachines/openjdk-21/Contents/Home!/jdk.management.jfr:/Users/numanhan/Library/Java/JavaVirtualMachines/openjdk-21/Contents/Home!/jdk.naming.dns:/Users/numanhan/Library/Java/JavaVirtualMachines/openjdk-21/Contents/Home!/jdk.naming.rmi:/Users/numanhan/Library/Java/JavaVirtualMachines/openjdk-21/Contents/Home!/jdk.net:/Users/numanhan/Library/Java/JavaVirtualMachines/openjdk-21/Contents/Home!/jdk.nio.mapmode:/Users/numanhan/Library/Java/JavaVirtualMachines/openjdk-21/Contents/Home!/jdk.random:/Users/numanhan/Library/Java/JavaVirtualMachines/openjdk-21/Contents/Home!/jdk.sctp:/Users/numanhan/Library/Java/JavaVirtualMachines/openjdk-21/Contents/Home!/jdk.security.auth:/Users/numanhan/Library/Java/JavaVirtualMachines/openjdk-21/Contents/Home!/jdk.security.jgss:/Users/numanhan/Library/Java/JavaVirtualMachines/openjdk-21/Contents/Home!/jdk.unsupported:/Users/numanhan/Library/Java/JavaVirtualMachines/openjdk-21/Contents/Home!/jdk.unsupported.desktop:/Users/numanhan/Library/Java/JavaVirtualMachines/openjdk-21/Contents/Home!/jdk.xml.dom:/Users/numanhan/Library/Java/JavaVirtualMachines/openjdk-21/Contents/Home!/jdk.zipfs:/Users/numanhan/Desktop/AutomationUIUmobApp/target/test-classes:/Users/numanhan/.m2/repository/com/thoughtworks/gauge/gauge-java/0.10.3/gauge-java-0.10.3.jar:/Users/numanhan/.m2/repository/org/assertj/assertj-core/3.24.2/assertj-core-3.24.2.jar:/Users/numanhan/.m2/repository/org/reflections/reflections/0.10.2/reflections-0.10.2.jar:/Users/numanhan/.m2/repository/org/javassist/javassist/3.28.0-GA/javassist-3.28.0-GA.jar:/Users/numanhan/.m2/repository/com/google/code/findbugs/jsr305/3.0.2/jsr305-3.0.2.jar:/Users/numanhan/.m2/repository/com/github/javaparser/javaparser-core/3.25.6/javaparser-core-3.25.6.jar:/Users/numanhan/.m2/repository/commons-io/commons-io/2.15.0/commons-io-2.15.0.jar:/Users/numanhan/.m2/repository/org/apache/commons/commons-lang3/3.13.0/commons-lang3-3.13.0.jar:/Users/numanhan/.m2/repository/org/json/json/20231013/json-20231013.jar:/Users/numanhan/.m2/repository/com/google/protobuf/protobuf-java/3.25.0/protobuf-java-3.25.0.jar:/Users/numanhan/.m2/repository/com/google/guava/guava/32.1.3-jre/guava-32.1.3-jre.jar:/Users/numanhan/.m2/repository/com/google/guava/failureaccess/1.0.1/failureaccess-1.0.1.jar:/Users/numanhan/.m2/repository/com/google/guava/listenablefuture/9999.0-empty-to-avoid-conflict-with-guava/listenablefuture-9999.0-empty-to-avoid-conflict-with-guava.jar:/Users/numanhan/.m2/repository/org/checkerframework/checker-qual/3.37.0/checker-qual-3.37.0.jar:/Users/numanhan/.m2/repository/com/google/errorprone/error_prone_annotations/2.21.1/error_prone_annotations-2.21.1.jar:/Users/numanhan/.m2/repository/com/google/j2objc/j2objc-annotations/2.8/j2objc-annotations-2.8.jar:/Users/numanhan/.m2/repository/io/grpc/grpc-api/1.59.0/grpc-api-1.59.0.jar:/Users/numanhan/.m2/repository/io/grpc/grpc-netty-shaded/1.59.0/grpc-netty-shaded-1.59.0.jar:/Users/numanhan/.m2/repository/io/perfmark/perfmark-api/0.26.0/perfmark-api-0.26.0.jar:/Users/numanhan/.m2/repository/io/grpc/grpc-core/1.59.0/grpc-core-1.59.0.jar:/Users/numanhan/.m2/repository/com/google/android/annotations/4.1.1.4/annotations-4.1.1.4.jar:/Users/numanhan/.m2/repository/org/codehaus/mojo/animal-sniffer-annotations/1.23/animal-sniffer-annotations-1.23.jar:/Users/numanhan/.m2/repository/io/grpc/grpc-context/1.59.0/grpc-context-1.59.0.jar:/Users/numanhan/.m2/repository/io/grpc/grpc-util/1.59.0/grpc-util-1.59.0.jar:/Users/numanhan/.m2/repository/io/grpc/grpc-protobuf/1.59.0/grpc-protobuf-1.59.0.jar:/Users/numanhan/.m2/repository/com/google/api/grpc/proto-google-common-protos/2.22.0/proto-google-common-protos-2.22.0.jar:/Users/numanhan/.m2/repository/io/grpc/grpc-protobuf-lite/1.59.0/grpc-protobuf-lite-1.59.0.jar:/Users/numanhan/.m2/repository/io/grpc/grpc-stub/1.59.0/grpc-stub-1.59.0.jar:/Users/numanhan/.m2/repository/javax/annotation/javax.annotation-api/1.3.2/javax.annotation-api-1.3.2.jar:/Users/numanhan/.m2/repository/io/appium/java-client/7.5.1/java-client-7.5.1.jar:/Users/numanhan/.m2/repository/org/seleniumhq/selenium/selenium-support/3.141.59/selenium-support-3.141.59.jar:/Users/numanhan/.m2/repository/org/seleniumhq/selenium/selenium-api/3.141.59/selenium-api-3.141.59.jar:/Users/numanhan/.m2/repository/com/google/code/gson/gson/2.8.6/gson-2.8.6.jar:/Users/numanhan/.m2/repository/org/apache/httpcomponents/httpclient/4.5.13/httpclient-4.5.13.jar:/Users/numanhan/.m2/repository/org/apache/httpcomponents/httpcore/4.4.13/httpcore-4.4.13.jar:/Users/numanhan/.m2/repository/commons-logging/commons-logging/1.2/commons-logging-1.2.jar:/Users/numanhan/.m2/repository/commons-codec/commons-codec/1.11/commons-codec-1.11.jar:/Users/numanhan/.m2/repository/cglib/cglib/3.3.0/cglib-3.3.0.jar:/Users/numanhan/.m2/repository/org/ow2/asm/asm/7.1/asm-7.1.jar:/Users/numanhan/.m2/repository/commons-validator/commons-validator/1.7/commons-validator-1.7.jar:/Users/numanhan/.m2/repository/commons-beanutils/commons-beanutils/1.9.4/commons-beanutils-1.9.4.jar:/Users/numanhan/.m2/repository/commons-digester/commons-digester/2.1/commons-digester-2.1.jar:/Users/numanhan/.m2/repository/commons-collections/commons-collections/3.2.2/commons-collections-3.2.2.jar:/Users/numanhan/.m2/repository/org/springframework/spring-context/5.3.4/spring-context-5.3.4.jar:/Users/numanhan/.m2/repository/org/springframework/spring-aop/5.3.4/spring-aop-5.3.4.jar:/Users/numanhan/.m2/repository/org/springframework/spring-beans/5.3.4/spring-beans-5.3.4.jar:/Users/numanhan/.m2/repository/org/springframework/spring-core/5.3.4/spring-core-5.3.4.jar:/Users/numanhan/.m2/repository/org/springframework/spring-jcl/5.3.4/spring-jcl-5.3.4.jar:/Users/numanhan/.m2/repository/org/springframework/spring-expression/5.3.4/spring-expression-5.3.4.jar:/Users/numanhan/.m2/repository/org/aspectj/aspectjweaver/1.9.6/aspectjweaver-1.9.6.jar:/Users/numanhan/.m2/repository/org/slf4j/slf4j-api/1.7.30/slf4j-api-1.7.30.jar:/Users/numanhan/.m2/repository/org/seleniumhq/selenium/selenium-java/3.141.59/selenium-java-3.141.59.jar:/Users/numanhan/.m2/repository/org/seleniumhq/selenium/selenium-chrome-driver/3.141.59/selenium-chrome-driver-3.141.59.jar:/Users/numanhan/.m2/repository/org/seleniumhq/selenium/selenium-edge-driver/3.141.59/selenium-edge-driver-3.141.59.jar:/Users/numanhan/.m2/repository/org/seleniumhq/selenium/selenium-firefox-driver/3.141.59/selenium-firefox-driver-3.141.59.jar:/Users/numanhan/.m2/repository/org/seleniumhq/selenium/selenium-ie-driver/3.141.59/selenium-ie-driver-3.141.59.jar:/Users/numanhan/.m2/repository/org/seleniumhq/selenium/selenium-opera-driver/3.141.59/selenium-opera-driver-3.141.59.jar:/Users/numanhan/.m2/repository/org/seleniumhq/selenium/selenium-remote-driver/3.141.59/selenium-remote-driver-3.141.59.jar:/Users/numanhan/.m2/repository/org/seleniumhq/selenium/selenium-safari-driver/3.141.59/selenium-safari-driver-3.141.59.jar:/Users/numanhan/.m2/repository/net/bytebuddy/byte-buddy/1.8.15/byte-buddy-1.8.15.jar:/Users/numanhan/.m2/repository/org/apache/commons/commons-exec/1.3/commons-exec-1.3.jar:/Users/numanhan/.m2/repository/com/squareup/okhttp3/okhttp/3.11.0/okhttp-3.11.0.jar:/Users/numanhan/.m2/repository/com/squareup/okio/okio/1.14.0/okio-1.14.0.jar:/Users/numanhan/.m2/repository/junit/junit/4.13.2/junit-4.13.2.jar:/Users/numanhan/.m2/repository/org/hamcrest/hamcrest-core/1.3/hamcrest-core-1.3.jar:/Users/numanhan/.m2/repository/org/testng/testng/7.4.0/testng-7.4.0.jar:/Users/numanhan/.m2/repository/com/beust/jcommander/1.78/jcommander-1.78.jar:/Users/numanhan/.m2/repository/org/webjars/jquery/3.5.1/jquery-3.5.1.jar
30-12-2023 01:28:09.266 [java] [DEBUG] found java executable in java
30-12-2023 01:28:09.266 [java] [DEBUG] running - java [-Dfile.encoding=UTF-8 com.thoughtworks.gauge.GaugeRuntime --start]
30-12-2023 01:28:09.266 [java] [DEBUG] stdout/stderr is logged to logs/19983-java.out
30-12-2023 01:28:09.362 [java] [DEBUG] multithreading is set to false
30-12-2023 01:28:09.539 [java] [DEBUG] Using reflection to scan dependencies for gauge implementations...
30-12-2023 01:28:09.560 [java] [ERROR] SLF4J: Failed to load class "org.slf4j.impl.StaticLoggerBinder".
30-12-2023 01:28:09.560 [java] [ERROR] SLF4J: Defaulting to no-operation (NOP) logger implementation
30-12-2023 01:28:09.560 [java] [ERROR] SLF4J: See http://www.slf4j.org/codes.html#StaticLoggerBinder for further details.
30-12-2023 01:28:09.765 [java] [DEBUG] gauge-java took 401milliseconds to load and scan. This should be less than 'runner_connection_timeout' config value.
30-12-2023 01:28:09.765 [java] [DEBUG] run 'gauge config runner_connection_timeout' and verify that it is < 401
30-12-2023 01:28:09.765 [java] [DEBUG] starting gRPC server...
30-12-2023 01:28:09.880 [Gauge] [DEBUG] Attempting to connect to grpc server at port: 59122
30-12-2023 01:28:09.962 [Gauge] [DEBUG] Successfully made the connection with runner with port: 59122
30-12-2023 01:28:09.962 [Gauge] [DEBUG] Validation started.
30-12-2023 01:28:10.464 [java] [DEBUG] Scanning packages for steps
30-12-2023 01:28:10.469 [java] [DEBUG] Comparing 'base.BaseTest.waitOneSec' and 'base.BaseTest.waitOneSec'
30-12-2023 01:28:10.470 [java] [DEBUG] Found Wait {} seconds in current project scope.
30-12-2023 01:28:10.470 [java] [DEBUG] Comparing 'test.LaunchTest.checkButton' and 'test.LaunchTest.checkButton'
30-12-2023 01:28:10.470 [java] [DEBUG] Found Close the launch screen in current project scope.
30-12-2023 01:28:10.470 [java] [DEBUG] Comparing 'test.SignUpTest.checkSignupButtonText' and 'test.SignUpTest.checkSignupButtonText'
30-12-2023 01:28:10.470 [java] [DEBUG] Found Check signup button text in current project scope.
30-12-2023 01:28:10.470 [java] [DEBUG] Comparing 'test.SignUpTest.checkSignupScreenTitle' and 'test.SignUpTest.checkSignupScreenTitle'
30-12-2023 01:28:10.470 [java] [DEBUG] Found Check title of signup screen in current project scope.
30-12-2023 01:28:10.471 [java] [DEBUG] Comparing 'test.LaunchTest.testAvailableButton' and 'test.LaunchTest.testAvailableButton'
30-12-2023 01:28:10.471 [java] [DEBUG] Found Check the available button and click in current project scope.
30-12-2023 01:28:10.471 [java] [DEBUG] Scanning packages for hooks
30-12-2023 01:28:10.473 [java] [DEBUG] Scanned steps (using static parsing + reflections): 
30-12-2023 01:28:10.473 [java] [DEBUG] 	Check the available button and click : public void testAvailableButton()
30-12-2023 01:28:10.473 [java] [DEBUG] 	Turn back : public void turnBack()
30-12-2023 01:28:10.473 [java] [DEBUG] 	Close the launch screen : public void checkButton()
30-12-2023 01:28:10.473 [java] [DEBUG] 	Check title of signup screen : public void checkSignupScreenTitle()
30-12-2023 01:28:10.473 [java] [DEBUG] 	Check signup button text : public void checkSignupButtonText()
30-12-2023 01:28:10.473 [java] [DEBUG] 	Wait {} seconds : public void waitOneSec(long time) throws InterruptedException
30-12-2023 01:28:10.732 [Gauge] [DEBUG] Validation completed.
30-12-2023 01:28:10.734 [Gauge] [DEBUG] Run started
30-12-2023 01:28:10.734 [Gauge] [DEBUG] Starting Html Report plugin
30-12-2023 01:28:10.758 [html-report] [DEBUG] Setting MaxRecvMsgSize = 1024 MB
30-12-2023 01:28:10.758 [Gauge] [DEBUG] Attempting to connect to grpc server at port: 59125
30-12-2023 01:28:10.760 [Gauge] [DEBUG] Successfully made the connection with plugin with port: 59125
30-12-2023 01:28:10.760 [Gauge] [DEBUG] Initialising suite data store.
30-12-2023 01:28:17.698 [java] [ERROR] Dec 30, 2023 1:28:17 AM io.appium.java_client.remote.AppiumCommandExecutor$1 lambda$0
30-12-2023 01:28:17.698 [java] [ERROR] INFO: Detected dialect: W3C
30-12-2023 01:28:17.712 [java] [DEBUG] Executing 'Check the available button and click' using 'class test.LaunchTest.testAvailableButton
30-12-2023 01:28:31.129 [java] [DEBUG] Executing 'Close the launch screen' using 'class test.LaunchTest.checkButton
30-12-2023 01:28:32.969 [java] [DEBUG] Executing 'Check title of signup screen' using 'class test.SignUpTest.checkSignupScreenTitle
30-12-2023 01:28:33.047 [java] [DEBUG] Executing 'Check signup button text' using 'class test.SignUpTest.checkSignupButtonText
30-12-2023 01:28:33.231 [html-report] [DEBUG] Transformed SuiteResult to report structure
30-12-2023 01:28:33.258 [html-report] [INFO] Successfully generated html-report to => /Users/numanhan/Desktop/AutomationUIUmobApp/reports/html-report/index.html
30-12-2023 01:28:33.258 [html-report] [DEBUG] Done generating HTML report using theme from /Users/numanhan/.gauge/plugins/html-report/4.2.0/themes/default
30-12-2023 01:28:33.258 [Gauge] [DEBUG] Sending kill message to Html Report plugin.
30-12-2023 01:28:33.260 [java] [DEBUG] Killing Java runner...
30-12-2023 01:28:33.261 [java] [DEBUG] Stopping execution pool...
30-12-2023 01:28:33.261 [java] [DEBUG] Shutting down grpc server...
30-12-2023 01:28:33.263 [Gauge] [INFO] Specifications:	1 executed	1 passed	0 failed	0 skipped
30-12-2023 01:28:33.263 [Gauge] [INFO] Scenarios:	1 executed	1 passed	0 failed	0 skipped
30-12-2023 01:28:33.263 [Gauge] [INFO] 
Total time taken: 22.496s
30-12-2023 01:39:30.459 [Gauge] [DEBUG] Created gauge_screenshots_dir at /Users/numanhan/Desktop/AutomationUIUmobApp/.gauge/screenshots
30-12-2023 01:39:30.461 [Gauge] [DEBUG] Plugin java is already installed.
30-12-2023 01:39:30.462 [Gauge] [DEBUG] Plugin html-report is already installed.
30-12-2023 01:39:30.462 [Gauge] [DEBUG] Parsing started.
30-12-2023 01:39:30.462 [Gauge] [DEBUG] Started concepts parsing.
30-12-2023 01:39:30.463 [Gauge] [DEBUG] 0 concepts parsing completed.
30-12-2023 01:39:30.463 [Gauge] [DEBUG] Started specifications parsing.
30-12-2023 01:39:30.463 [Gauge] [DEBUG] 1 specifications parsing completed.
30-12-2023 01:39:30.463 [Gauge] [DEBUG] Parsing completed.
30-12-2023 01:39:30.477 [java] [DEBUG] ***** Printing Properties/Env Values *****
30-12-2023 01:39:30.477 [java] [DEBUG] PATH: /opt/homebrew/opt/libpq/bin:/opt/homebrew/bin:/opt/homebrew/sbin:/usr/local/bin:/System/Cryptexes/App/usr/bin:/usr/bin:/bin:/usr/sbin:/sbin:/usr/local/share/dotnet:~/.dotnet/tools:/Library/Apple/usr/bin:/Users/numanhan/.maestro/bin:/usr/local/share/dotnet:/Users/numanhan/.gauge/plugins/screenshot/0.1.0
30-12-2023 01:39:30.477 [java] [DEBUG] JAVA_HOME: 
30-12-2023 01:39:30.477 [java] [DEBUG] gauge_project_root: 
30-12-2023 01:39:30.477 [java] [DEBUG] gauge_parallel_streams_count: 
30-12-2023 01:39:30.477 [java] [DEBUG] gauge_reports_dir: reports
30-12-2023 01:39:30.477 [java] [DEBUG] overwrite_reports: true
30-12-2023 01:39:30.477 [java] [DEBUG] logs_directory: logs
30-12-2023 01:39:30.478 [java] [DEBUG] enable_multithreading: 
30-12-2023 01:39:30.478 [java] [DEBUG] gauge_specs_dir: specs
30-12-2023 01:39:30.478 [java] [DEBUG] csv_delimiter: ,
30-12-2023 01:39:30.478 [java] [DEBUG] gauge_java_home: 
30-12-2023 01:39:30.478 [java] [DEBUG] gauge_custom_build_path: /Users/numanhan/Desktop/uMobMobileAppAutomation/target/classes
30-12-2023 01:39:30.478 [java] [DEBUG] gauge_additional_libs: libs/*
30-12-2023 01:39:30.478 [java] [DEBUG] gauge_jvm_args: 
30-12-2023 01:39:30.478 [java] [DEBUG] gauge_custom_compile_dir: /Users/numanhan/Desktop/uMobMobileAppAutomation/src/test
30-12-2023 01:39:30.478 [java] [DEBUG] gauge_clear_state_level: scenario
30-12-2023 01:39:30.478 [java] [DEBUG] ***** END *****
30-12-2023 01:39:30.612 [Gauge] [DEBUG] Checking updates...
30-12-2023 01:39:30.612 [Gauge] [DEBUG] Downloading https://downloads.gauge.org/plugin/html-report?l=java&p=html-report,java,screenshot,spectacle&o=darwin&a=arm64
30-12-2023 01:39:30.865 [Gauge] [DEBUG] Downloading https://downloads.gauge.org/plugin/java?l=java&p=html-report,java,screenshot,spectacle&o=darwin&a=arm64
30-12-2023 01:39:30.906 [Gauge] [DEBUG] Downloading https://downloads.gauge.org/plugin/screenshot?l=java&p=html-report,java,screenshot,spectacle&o=darwin&a=arm64
30-12-2023 01:39:30.952 [Gauge] [DEBUG] Downloading https://downloads.gauge.org/plugin/spectacle?l=java&p=html-report,java,screenshot,spectacle&o=darwin&a=arm64
30-12-2023 01:39:31.885 [java] [DEBUG] classpath set to /Users/numanhan/.gauge/plugins/java/0.10.3/*:/Users/numanhan/.gauge/plugins/java/0.10.3/libs/*:/Users/numanhan/Desktop/AutomationUIUmobApp/libs/*:/Users/numanhan/Desktop/uMobMobileAppAutomation/target/classes
30-12-2023 01:39:31.885 [java] [DEBUG] found java executable in java
30-12-2023 01:39:31.885 [java] [DEBUG] running - java [-Dfile.encoding=UTF-8 com.thoughtworks.gauge.GaugeRuntime --start]
30-12-2023 01:39:31.885 [java] [DEBUG] stdout/stderr is logged to logs/20478-java.out
30-12-2023 01:39:31.955 [java] [DEBUG] multithreading is set to false
30-12-2023 01:39:32.115 [java] [DEBUG] Using reflection to scan dependencies for gauge implementations...
30-12-2023 01:39:32.128 [java] [ERROR] SLF4J: Failed to load class "org.slf4j.impl.StaticLoggerBinder".
30-12-2023 01:39:32.128 [java] [ERROR] SLF4J: Defaulting to no-operation (NOP) logger implementation
30-12-2023 01:39:32.128 [java] [ERROR] SLF4J: See http://www.slf4j.org/codes.html#StaticLoggerBinder for further details.
30-12-2023 01:39:32.317 [java] [DEBUG] gauge-java took 360milliseconds to load and scan. This should be less than 'runner_connection_timeout' config value.
30-12-2023 01:39:32.317 [java] [DEBUG] run 'gauge config runner_connection_timeout' and verify that it is < 360
30-12-2023 01:39:32.317 [java] [DEBUG] starting gRPC server...
30-12-2023 01:39:32.389 [java] [DEBUG] started gRPC server on port 61134
30-12-2023 01:39:32.389 [Gauge] [DEBUG] Attempting to connect to grpc server at port: 61134
30-12-2023 01:39:32.448 [Gauge] [DEBUG] Successfully made the connection with runner with port: 61134
30-12-2023 01:39:32.448 [Gauge] [DEBUG] Validation started.
30-12-2023 01:39:32.806 [java] [DEBUG] Scanning packages for steps
30-12-2023 01:39:32.807 [java] [DEBUG] Scanning packages for hooks
30-12-2023 01:39:32.808 [java] [DEBUG] Scanned steps (using static parsing + reflections): 
30-12-2023 01:39:32.809 [java] [DEBUG] 	Check the available button and click : public void testAvailableButton()
30-12-2023 01:39:32.809 [java] [DEBUG] 	Turn back : public void turnBack()
30-12-2023 01:39:32.809 [java] [DEBUG] 	Close the launch screen : public void checkButton()
30-12-2023 01:39:32.809 [java] [DEBUG] 	Check title of signup screen : public void checkSignupScreenTitle()
30-12-2023 01:39:32.809 [java] [DEBUG] 	Check signup button text : public void checkSignupButtonText()
30-12-2023 01:39:32.809 [java] [DEBUG] 	Wait {} seconds : public void waitOneSec(long time) throws InterruptedException
30-12-2023 01:39:33.019 [Gauge] [DEBUG] Validation completed.
30-12-2023 01:39:33.019 [Gauge] [DEBUG] Run started
30-12-2023 01:39:33.020 [Gauge] [DEBUG] Starting Html Report plugin
30-12-2023 01:39:33.043 [html-report] [DEBUG] Setting MaxRecvMsgSize = 1024 MB
30-12-2023 01:39:33.043 [Gauge] [DEBUG] Attempting to connect to grpc server at port: 61140
30-12-2023 01:39:33.045 [Gauge] [DEBUG] Successfully made the connection with plugin with port: 61140
30-12-2023 01:39:33.045 [Gauge] [DEBUG] Initialising suite data store.
30-12-2023 01:39:33.058 [Gauge] [INFO] # Umob Mobile App Test
30-12-2023 01:39:33.061 [Gauge] [INFO] ## Launch Test
30-12-2023 01:39:33.064 [Gauge] [DEBUG] * Check the available button and click
30-12-2023 01:39:33.067 [java] [CRITICAL] No step definition found. Try compiling the source before execution.
30-12-2023 01:39:33.463 [java] [CRITICAL] process /usr/bin/java with pid 20497 quit unexpectedly. exit status 1
30-12-2023 01:39:33.464 [Gauge] [ERROR] Error occurred while waiting for runner process to finish.
Error : exit status 1
30-12-2023 01:39:33.465 [Gauge] [ERROR] Failed Step: Check the available button and click
30-12-2023 01:39:33.465 [Gauge] [ERROR] Error Message: error reading from server: EOF
30-12-2023 01:39:33.465 [Gauge] [ERROR] Specification: specs/e2e.spec:6
30-12-2023 01:39:33.465 [Gauge] [ERROR] Stacktrace: 
30-12-2023 01:39:33.465 [Gauge] [ERROR] Error Message: Runner is not Alive
30-12-2023 01:39:33.465 [Gauge] [ERROR] Stacktrace: 
30-12-2023 01:39:33.465 [Gauge] [ERROR] Error Message: Runner is not Alive
30-12-2023 01:39:33.465 [Gauge] [ERROR] Stacktrace: 
30-12-2023 01:39:33.465 [Gauge] [ERROR] Error Message: Runner is not Alive
30-12-2023 01:39:33.465 [Gauge] [ERROR] Stacktrace: 
30-12-2023 01:39:33.466 [Gauge] [ERROR] Error Message: Runner is not Alive
30-12-2023 01:39:33.466 [Gauge] [ERROR] Stacktrace: 
30-12-2023 01:39:33.467 [html-report] [DEBUG] Transformed SuiteResult to report structure
30-12-2023 01:39:33.477 [html-report] [INFO] Successfully generated html-report to => /Users/numanhan/Desktop/AutomationUIUmobApp/reports/html-report/index.html
30-12-2023 01:39:33.477 [html-report] [DEBUG] Done generating HTML report using theme from /Users/numanhan/.gauge/plugins/html-report/4.2.0/themes/default
30-12-2023 01:39:33.477 [Gauge] [DEBUG] Sending kill message to Html Report plugin.
30-12-2023 01:39:33.478 [Gauge] [INFO] Specifications:	1 executed	0 passed	1 failed	0 skipped
30-12-2023 01:39:33.478 [Gauge] [INFO] Scenarios:	1 executed	0 passed	1 failed	0 skipped
30-12-2023 01:39:33.478 [Gauge] [INFO] 
Total time taken: 446ms
